# JRE version: OpenJDK Runtime Environment (8.0_242-b01) (build 1.8.0_242-release-1644-b01)
# Java VM: OpenJDK 64-Bit Server VM (25.242-b01 mixed mode windows-amd64 compressed oops)
Heap:
 PSYoungGen      total 340480K, used 285090K [0x00000000d5580000, 0x00000000f0680000, 0x0000000100000000)
  eden space 312832K, 82% used [0x00000000d5580000,0x00000000e50eb1e8,0x00000000e8700000)
  from space 27648K, 99% used [0x00000000e8700000,0x00000000ea1fd810,0x00000000ea200000)
  to   space 37888K, 0% used [0x00000000ee180000,0x00000000ee180000,0x00000000f0680000)
 ParOldGen       total 132096K, used 52584K [0x0000000080000000, 0x0000000088100000, 0x00000000d5580000)
  object space 132096K, 39% used [0x0000000080000000,0x000000008335a268,0x0000000088100000)
 Metaspace       used 88519K, capacity 92414K, committed 92720K, reserved 1130496K
  class space    used 11454K, capacity 12259K, committed 12336K, reserved 1048576K
GC Heap History (10 events):
Event: 12.554 GC heap before
{Heap before GC invocations=12 (full 2):
 PSYoungGen      total 221184K, used 121293K [0x00000000d5580000, 0x00000000e7a00000, 0x0000000100000000)
  eden space 207360K, 51% used [0x00000000d5580000,0x00000000dbe7a920,0x00000000e2000000)
  from space 13824K, 99% used [0x00000000e2000000,0x00000000e2d78d88,0x00000000e2d80000)
  to   space 17408K, 0% used [0x00000000e6900000,0x00000000e6900000,0x00000000e7a00000)
 ParOldGen       total 85504K, used 20207K [0x0000000080000000, 0x0000000085380000, 0x00000000d5580000)
  object space 85504K, 23% used [0x0000000080000000,0x00000000813bbfb8,0x0000000085380000)
 Metaspace       used 56985K, capacity 59136K, committed 59160K, reserved 1099776K
  class space    used 7596K, capacity 8103K, committed 8112K, reserved 1048576K
Event: 12.590 GC heap after
Heap after GC invocations=12 (full 2):
 PSYoungGen      total 277504K, used 17404K [0x00000000d5580000, 0x00000000e8300000, 0x0000000100000000)
  eden space 260096K, 0% used [0x00000000d5580000,0x00000000d5580000,0x00000000e5380000)
  from space 17408K, 99% used [0x00000000e6900000,0x00000000e79ff340,0x00000000e7a00000)
  to   space 22016K, 0% used [0x00000000e5380000,0x00000000e5380000,0x00000000e6900000)
 ParOldGen       total 85504K, used 25622K [0x0000000080000000, 0x0000000085380000, 0x00000000d5580000)
  object space 85504K, 29% used [0x0000000080000000,0x0000000081905a30,0x0000000085380000)
 Metaspace       used 56985K, capacity 59136K, committed 59160K, reserved 1099776K
  class space    used 7596K, capacity 8103K, committed 8112K, reserved 1048576K
}
Event: 12.590 GC heap before
{Heap before GC invocations=13 (full 3):
 PSYoungGen      total 277504K, used 17404K [0x00000000d5580000, 0x00000000e8300000, 0x0000000100000000)
  eden space 260096K, 0% used [0x00000000d5580000,0x00000000d5580000,0x00000000e5380000)
  from space 17408K, 99% used [0x00000000e6900000,0x00000000e79ff340,0x00000000e7a00000)
  to   space 22016K, 0% used [0x00000000e5380000,0x00000000e5380000,0x00000000e6900000)
 ParOldGen       total 85504K, used 25622K [0x0000000080000000, 0x0000000085380000, 0x00000000d5580000)
  object space 85504K, 29% used [0x0000000080000000,0x0000000081905a30,0x0000000085380000)
 Metaspace       used 56985K, capacity 59136K, committed 59160K, reserved 1099776K
  class space    used 7596K, capacity 8103K, committed 8112K, reserved 1048576K
Event: 12.852 GC heap after
Heap after GC invocations=13 (full 3):
 PSYoungGen      total 277504K, used 0K [0x00000000d5580000, 0x00000000e8300000, 0x0000000100000000)
  eden space 260096K, 0% used [0x00000000d5580000,0x00000000d5580000,0x00000000e5380000)
  from space 17408K, 0% used [0x00000000e6900000,0x00000000e6900000,0x00000000e7a00000)
  to   space 22016K, 0% used [0x00000000e5380000,0x00000000e5380000,0x00000000e6900000)
 ParOldGen       total 132096K, used 35477K [0x0000000080000000, 0x0000000088100000, 0x00000000d5580000)
  object space 132096K, 26% used [0x0000000080000000,0x00000000822a5740,0x0000000088100000)
 Metaspace       used 56870K, capacity 58872K, committed 59160K, reserved 1099776K
  class space    used 7564K, capacity 8064K, committed 8112K, reserved 1048576K
}
Event: 16.917 GC heap before
{Heap before GC invocations=14 (full 3):
 PSYoungGen      total 277504K, used 260096K [0x00000000d5580000, 0x00000000e8300000, 0x0000000100000000)
  eden space 260096K, 100% used [0x00000000d5580000,0x00000000e5380000,0x00000000e5380000)
  from space 17408K, 0% used [0x00000000e6900000,0x00000000e6900000,0x00000000e7a00000)
  to   space 22016K, 0% used [0x00000000e5380000,0x00000000e5380000,0x00000000e6900000)
 ParOldGen       total 132096K, used 35477K [0x0000000080000000, 0x0000000088100000, 0x00000000d5580000)
  object space 132096K, 26% used [0x0000000080000000,0x00000000822a5740,0x0000000088100000)
 Metaspace       used 69872K, capacity 72778K, committed 73136K, reserved 1112064K
  class space    used 9472K, capacity 10052K, committed 10160K, reserved 1048576K
Event: 16.947 GC heap after
Heap after GC invocations=14 (full 3):
 PSYoungGen      total 282112K, used 21042K [0x00000000d5580000, 0x00000000eba80000, 0x0000000100000000)
  eden space 260096K, 0% used [0x00000000d5580000,0x00000000d5580000,0x00000000e5380000)
  from space 22016K, 95% used [0x00000000e5380000,0x00000000e680c968,0x00000000e6900000)
  to   space 25088K, 0% used [0x00000000ea200000,0x00000000ea200000,0x00000000eba80000)
 ParOldGen       total 132096K, used 35485K [0x0000000080000000, 0x0000000088100000, 0x00000000d5580000)
  object space 132096K, 26% used [0x0000000080000000,0x00000000822a7740,0x0000000088100000)
 Metaspace       used 69872K, capacity 72778K, committed 73136K, reserved 1112064K
  class space    used 9472K, capacity 10052K, committed 10160K, reserved 1048576K
}
Event: 19.163 GC heap before
{Heap before GC invocations=15 (full 3):
 PSYoungGen      total 282112K, used 281138K [0x00000000d5580000, 0x00000000eba80000, 0x0000000100000000)
  eden space 260096K, 100% used [0x00000000d5580000,0x00000000e5380000,0x00000000e5380000)
  from space 22016K, 95% used [0x00000000e5380000,0x00000000e680c968,0x00000000e6900000)
  to   space 25088K, 0% used [0x00000000ea200000,0x00000000ea200000,0x00000000eba80000)
 ParOldGen       total 132096K, used 35485K [0x0000000080000000, 0x0000000088100000, 0x00000000d5580000)
  object space 132096K, 26% used [0x0000000080000000,0x00000000822a7740,0x0000000088100000)
 Metaspace       used 70756K, capacity 73680K, committed 73904K, reserved 1114112K
  class space    used 9540K, capacity 10107K, committed 10160K, reserved 1048576K
Event: 19.200 GC heap after
Heap after GC invocations=15 (full 3):
 PSYoungGen      total 337920K, used 21787K [0x00000000d5580000, 0x00000000ebf80000, 0x0000000100000000)
  eden space 312832K, 0% used [0x00000000d5580000,0x00000000d5580000,0x00000000e8700000)
  from space 25088K, 86% used [0x00000000ea200000,0x00000000eb746e00,0x00000000eba80000)
  to   space 27648K, 0% used [0x00000000e8700000,0x00000000e8700000,0x00000000ea200000)
 ParOldGen       total 132096K, used 35493K [0x0000000080000000, 0x0000000088100000, 0x00000000d5580000)
  object space 132096K, 26% used [0x0000000080000000,0x00000000822a9740,0x0000000088100000)
 Metaspace       used 70756K, capacity 73680K, committed 73904K, reserved 1114112K
  class space    used 9540K, capacity 10107K, committed 10160K, reserved 1048576K
}
Event: 5734.212 GC heap before
{Heap before GC invocations=16 (full 3):
 PSYoungGen      total 337920K, used 334619K [0x00000000d5580000, 0x00000000ebf80000, 0x0000000100000000)
  eden space 312832K, 100% used [0x00000000d5580000,0x00000000e8700000,0x00000000e8700000)
  from space 25088K, 86% used [0x00000000ea200000,0x00000000eb746e00,0x00000000eba80000)
  to   space 27648K, 0% used [0x00000000e8700000,0x00000000e8700000,0x00000000ea200000)
 ParOldGen       total 132096K, used 35501K [0x0000000080000000, 0x0000000088100000, 0x00000000d5580000)
  object space 132096K, 26% used [0x0000000080000000,0x00000000822ab760,0x0000000088100000)
 Metaspace       used 79663K, capacity 83292K, committed 83504K, reserved 1122304K
  class space    used 10450K, capacity 11208K, committed 11312K, reserved 1048576K
Event: 5735.163 GC heap after
Heap after GC invocations=16 (full 3):
 PSYoungGen      total 340480K, used 27638K [0x00000000d5580000, 0x00000000f0680000, 0x0000000100000000)
  eden space 312832K, 0% used [0x00000000d5580000,0x00000000d5580000,0x00000000e8700000)
  from space 27648K, 99% used [0x00000000e8700000,0x00000000ea1fd810,0x00000000ea200000)
  to   space 37888K, 0% used [0x00000000ee180000,0x00000000ee180000,0x00000000f0680000)
 ParOldGen       total 132096K, used 52584K [0x0000000080000000, 0x0000000088100000, 0x00000000d5580000)
  object space 132096K, 39% used [0x0000000080000000,0x000000008335a268,0x0000000088100000)
 Metaspace       used 79663K, capacity 83292K, committed 83504K, reserved 1122304K
  class space    used 10450K, capacity 11208K, committed 11312K, reserved 1048576K
}

